This file contains any messages produced by compilers while
running configure, to aid debugging if configure makes a mistake.

It was created by NetworkManager-strongswan configure 1.6.0, which was
generated by GNU Autoconf 2.69.  Invocation command line was

  $ ../configure 

## --------- ##
## Platform. ##
## --------- ##

hostname = astra-03780
uname -m = x86_64
uname -r = 6.1.90-1-generic
uname -s = Linux
uname -v = #astra2+ci78 SMP PREEMPT_DYNAMIC Fri Dec  6 12:48:47 MSK 2024

/usr/bin/uname -p = unknown
/bin/uname -X     = unknown

/bin/arch              = x86_64
/usr/bin/arch -k       = unknown
/usr/convex/getsysinfo = unknown
/usr/bin/hostinfo      = unknown
/bin/machine           = unknown
/usr/bin/oslevel       = unknown
/bin/universe          = unknown

PATH: /usr/local/bin
PATH: /usr/bin
PATH: /bin
PATH: /usr/local/games
PATH: /usr/games


## ----------- ##
## Core tests. ##
## ----------- ##

configure:2459: checking for a BSD-compatible install
configure:2527: result: /usr/bin/install -c
configure:2538: checking whether build environment is sane
configure:2593: result: yes
configure:2744: checking for a thread-safe mkdir -p
configure:2783: result: /usr/bin/mkdir -p
configure:2790: checking for gawk
configure:2806: found /usr/bin/gawk
configure:2817: result: gawk
configure:2828: checking whether make sets $(MAKE)
configure:2850: result: yes
configure:2879: checking whether make supports nested variables
configure:2896: result: yes
configure:3023: checking whether to enable maintainer-specific portions of Makefiles
configure:3032: result: no
configure:3098: checking for gcc
configure:3114: found /usr/bin/gcc
configure:3125: result: gcc
configure:3354: checking for C compiler version
configure:3363: gcc --version >&5
gcc (Astra 12.2.0-14.astra3+b1) 12.2.0
Copyright (C) 2022 Free Software Foundation, Inc.
This is free software; see the source for copying conditions.  There is NO
warranty; not even for MERCHANTABILITY or FITNESS FOR A PARTICULAR PURPOSE.

configure:3374: $? = 0
configure:3363: gcc -v >&5
Using built-in specs.
COLLECT_GCC=gcc
COLLECT_LTO_WRAPPER=/usr/lib/gcc/x86_64-linux-gnu/12/lto-wrapper
OFFLOAD_TARGET_NAMES=nvptx-none:amdgcn-amdhsa
OFFLOAD_TARGET_DEFAULT=1
Target: x86_64-linux-gnu
Configured with: ../src/configure -v --with-pkgversion='Astra 12.2.0-14.astra3+b1' --with-bugurl=file:///usr/share/doc/gcc-12/README.Bugs --enable-languages=c,ada,c++,go,d,fortran,objc,obj-c++,m2 --prefix=/usr --with-gcc-major-version-only --program-suffix=-12 --program-prefix=x86_64-linux-gnu- --enable-shared --enable-linker-build-id --libexecdir=/usr/lib --without-included-gettext --enable-threads=posix --libdir=/usr/lib --enable-nls --enable-clocale=gnu --enable-libstdcxx-debug --enable-libstdcxx-time=yes --with-default-libstdcxx-abi=new --enable-gnu-unique-object --disable-vtable-verify --enable-plugin --enable-default-pie --with-system-zlib --enable-libphobos-checking=release --with-target-system-zlib=auto --enable-objc-gc=auto --enable-multiarch --disable-werror --enable-cet --with-arch-32=i686 --with-abi=m64 --with-multilib-list=m32,m64,mx32 --enable-multilib --with-tune=generic --enable-offload-targets=nvptx-none=/builds/AstraOS/buildsystem/tbs_build/gcc-12/gcc-12-12.2.0/debian/tmp-nvptx/usr,amdgcn-amdhsa=/builds/AstraOS/buildsystem/tbs_build/gcc-12/gcc-12-12.2.0/debian/tmp-gcn/usr --enable-offload-defaulted --without-cuda-driver --enable-checking=release --build=x86_64-linux-gnu --host=x86_64-linux-gnu --target=x86_64-linux-gnu
Thread model: posix
Supported LTO compression algorithms: zlib zstd
gcc version 12.2.0 (Astra 12.2.0-14.astra3+b1) 
... rest of stderr output deleted ...
configure:3374: $? = 0
configure:3363: gcc -V >&5
gcc: error: unrecognized command-line option '-V'
gcc: fatal error: no input files
compilation terminated.
configure:3374: $? = 1
configure:3363: gcc -qversion >&5
gcc: error: unrecognized command-line option '-qversion'; did you mean '--version'?
gcc: fatal error: no input files
compilation terminated.
configure:3374: $? = 1
configure:3394: checking whether the C compiler works
configure:3416: gcc    conftest.c  >&5
configure:3420: $? = 0
configure:3468: result: yes
configure:3471: checking for C compiler default output file name
configure:3473: result: a.out
configure:3479: checking for suffix of executables
configure:3486: gcc -o conftest    conftest.c  >&5
configure:3490: $? = 0
configure:3512: result: 
configure:3534: checking whether we are cross compiling
configure:3542: gcc -o conftest    conftest.c  >&5
configure:3546: $? = 0
configure:3553: ./conftest
configure:3557: $? = 0
configure:3572: result: no
configure:3577: checking for suffix of object files
configure:3599: gcc -c   conftest.c >&5
configure:3603: $? = 0
configure:3624: result: o
configure:3628: checking whether we are using the GNU C compiler
configure:3647: gcc -c   conftest.c >&5
configure:3647: $? = 0
configure:3656: result: yes
configure:3665: checking whether gcc accepts -g
configure:3685: gcc -c -g  conftest.c >&5
configure:3685: $? = 0
configure:3726: result: yes
configure:3743: checking for gcc option to accept ISO C89
configure:3806: gcc  -c -g -O2  conftest.c >&5
configure:3806: $? = 0
configure:3819: result: none needed
configure:3844: checking whether gcc understands -c and -o together
configure:3866: gcc -c conftest.c -o conftest2.o
configure:3869: $? = 0
configure:3866: gcc -c conftest.c -o conftest2.o
configure:3869: $? = 0
configure:3881: result: yes
configure:3901: checking whether make supports the include directive
configure:3916: make -f confmf.GNU && cat confinc.out
this is the am__doit target
configure:3919: $? = 0
configure:3938: result: yes (GNU style)
configure:3963: checking dependency style of gcc
configure:4074: result: gcc3
configure:4120: checking build system type
configure:4134: result: x86_64-pc-linux-gnu
configure:4154: checking host system type
configure:4167: result: x86_64-pc-linux-gnu
configure:4208: checking how to print strings
configure:4235: result: printf
configure:4256: checking for a sed that does not truncate output
configure:4320: result: /usr/bin/sed
configure:4338: checking for grep that handles long lines and -e
configure:4396: result: /usr/bin/grep
configure:4401: checking for egrep
configure:4463: result: /usr/bin/grep -E
configure:4468: checking for fgrep
configure:4530: result: /usr/bin/grep -F
configure:4565: checking for ld used by gcc
configure:4632: result: /usr/bin/ld
configure:4639: checking if the linker (/usr/bin/ld) is GNU ld
configure:4654: result: yes
configure:4666: checking for BSD- or MS-compatible name lister (nm)
configure:4720: result: /usr/bin/nm -B
configure:4850: checking the name lister (/usr/bin/nm -B) interface
configure:4857: gcc -c -g -O2  conftest.c >&5
configure:4860: /usr/bin/nm -B "conftest.o"
configure:4863: output
0000000000000000 B some_variable
configure:4870: result: BSD nm
configure:4873: checking whether ln -s works
configure:4877: result: yes
configure:4885: checking the maximum length of command line arguments
configure:5016: result: 1572864
configure:5064: checking how to convert x86_64-pc-linux-gnu file names to x86_64-pc-linux-gnu format
configure:5104: result: func_convert_file_noop
configure:5111: checking how to convert x86_64-pc-linux-gnu file names to toolchain format
configure:5131: result: func_convert_file_noop
configure:5138: checking for /usr/bin/ld option to reload object files
configure:5145: result: -r
configure:5219: checking for objdump
configure:5235: found /usr/bin/objdump
configure:5246: result: objdump
configure:5278: checking how to recognize dependent libraries
configure:5478: result: pass_all
configure:5563: checking for dlltool
configure:5593: result: no
configure:5623: checking how to associate runtime and link libraries
configure:5650: result: printf %s\n
configure:5711: checking for ar
configure:5727: found /usr/bin/ar
configure:5738: result: ar
configure:5775: checking for archiver @FILE support
configure:5792: gcc -c -g -O2  conftest.c >&5
configure:5792: $? = 0
configure:5795: ar cr libconftest.a @conftest.lst >&5
configure:5798: $? = 0
configure:5803: ar cr libconftest.a @conftest.lst >&5
ar: conftest.o: No such file or directory
configure:5806: $? = 1
configure:5818: result: @
configure:5876: checking for strip
configure:5892: found /usr/bin/strip
configure:5903: result: strip
configure:5975: checking for ranlib
configure:5991: found /usr/bin/ranlib
configure:6002: result: ranlib
configure:6104: checking command to parse /usr/bin/nm -B output from gcc object
configure:6257: gcc -c -g -O2  conftest.c >&5
configure:6260: $? = 0
configure:6264: /usr/bin/nm -B conftest.o | sed -n -e 's/^.*[	 ]\([ABCDGIRSTW][ABCDGIRSTW]*\)[	 ][	 ]*\([_A-Za-z][_A-Za-z0-9]*\)$/\1 \2 \2/p' | sed '/ __gnu_lto/d' > conftest.nm
configure:6330: gcc -o conftest -g -O2   conftest.c conftstm.o >&5
configure:6333: $? = 0
configure:6371: result: ok
configure:6418: checking for sysroot
configure:6448: result: no
configure:6455: checking for a working dd
configure:6493: result: /usr/bin/dd
configure:6497: checking how to truncate binary pipes
configure:6512: result: /usr/bin/dd bs=4096 count=1
configure:6648: gcc -c -g -O2  conftest.c >&5
configure:6651: $? = 0
configure:6841: checking for mt
configure:6857: found /usr/bin/mt
configure:6868: result: mt
configure:6891: checking if mt is a manifest tool
configure:6897: mt '-?'
configure:6905: result: no
configure:7582: checking how to run the C preprocessor
configure:7613: gcc -E  conftest.c
configure:7613: $? = 0
configure:7627: gcc -E  conftest.c
conftest.c:11:10: fatal error: ac_nonexistent.h: No such file or directory
   11 | #include <ac_nonexistent.h>
      |          ^~~~~~~~~~~~~~~~~~
compilation terminated.
configure:7627: $? = 1
configure: failed program was:
| /* confdefs.h */
| #define PACKAGE_NAME "NetworkManager-strongswan"
| #define PACKAGE_TARNAME "NetworkManager-strongswan"
| #define PACKAGE_VERSION "1.6.0"
| #define PACKAGE_STRING "NetworkManager-strongswan 1.6.0"
| #define PACKAGE_BUGREPORT "info@strongswan.org"
| #define PACKAGE_URL ""
| #define PACKAGE "NetworkManager-strongswan"
| #define VERSION "1.6.0"
| /* end confdefs.h.  */
| #include <ac_nonexistent.h>
configure:7652: result: gcc -E
configure:7672: gcc -E  conftest.c
configure:7672: $? = 0
configure:7686: gcc -E  conftest.c
conftest.c:11:10: fatal error: ac_nonexistent.h: No such file or directory
   11 | #include <ac_nonexistent.h>
      |          ^~~~~~~~~~~~~~~~~~
compilation terminated.
configure:7686: $? = 1
configure: failed program was:
| /* confdefs.h */
| #define PACKAGE_NAME "NetworkManager-strongswan"
| #define PACKAGE_TARNAME "NetworkManager-strongswan"
| #define PACKAGE_VERSION "1.6.0"
| #define PACKAGE_STRING "NetworkManager-strongswan 1.6.0"
| #define PACKAGE_BUGREPORT "info@strongswan.org"
| #define PACKAGE_URL ""
| #define PACKAGE "NetworkManager-strongswan"
| #define VERSION "1.6.0"
| /* end confdefs.h.  */
| #include <ac_nonexistent.h>
configure:7715: checking for ANSI C header files
configure:7735: gcc -c -g -O2  conftest.c >&5
configure:7735: $? = 0
configure:7808: gcc -o conftest -g -O2   conftest.c  >&5
configure:7808: $? = 0
configure:7808: ./conftest
configure:7808: $? = 0
configure:7819: result: yes
configure:7832: checking for sys/types.h
configure:7832: gcc -c -g -O2  conftest.c >&5
configure:7832: $? = 0
configure:7832: result: yes
configure:7832: checking for sys/stat.h
configure:7832: gcc -c -g -O2  conftest.c >&5
configure:7832: $? = 0
configure:7832: result: yes
configure:7832: checking for stdlib.h
configure:7832: gcc -c -g -O2  conftest.c >&5
configure:7832: $? = 0
configure:7832: result: yes
configure:7832: checking for string.h
configure:7832: gcc -c -g -O2  conftest.c >&5
configure:7832: $? = 0
configure:7832: result: yes
configure:7832: checking for memory.h
configure:7832: gcc -c -g -O2  conftest.c >&5
configure:7832: $? = 0
configure:7832: result: yes
configure:7832: checking for strings.h
configure:7832: gcc -c -g -O2  conftest.c >&5
configure:7832: $? = 0
configure:7832: result: yes
configure:7832: checking for inttypes.h
configure:7832: gcc -c -g -O2  conftest.c >&5
configure:7832: $? = 0
configure:7832: result: yes
configure:7832: checking for stdint.h
configure:7832: gcc -c -g -O2  conftest.c >&5
configure:7832: $? = 0
configure:7832: result: yes
configure:7832: checking for unistd.h
configure:7832: gcc -c -g -O2  conftest.c >&5
configure:7832: $? = 0
configure:7832: result: yes
configure:7846: checking for dlfcn.h
configure:7846: gcc -c -g -O2  conftest.c >&5
configure:7846: $? = 0
configure:7846: result: yes
configure:8102: checking for objdir
configure:8117: result: .libs
configure:8381: checking if gcc supports -fno-rtti -fno-exceptions
configure:8399: gcc -c -g -O2  -fno-rtti -fno-exceptions conftest.c >&5
cc1: warning: command-line option '-fno-rtti' is valid for C++/D/ObjC++ but not for C
configure:8403: $? = 0
configure:8416: result: no
configure:8780: checking for gcc option to produce PIC
configure:8787: result: -fPIC -DPIC
configure:8795: checking if gcc PIC flag -fPIC -DPIC works
configure:8813: gcc -c -g -O2  -fPIC -DPIC -DPIC conftest.c >&5
configure:8817: $? = 0
configure:8830: result: yes
configure:8859: checking if gcc static flag -static works
configure:8887: result: yes
configure:8902: checking if gcc supports -c -o file.o
configure:8923: gcc -c -g -O2  -o out/conftest2.o conftest.c >&5
configure:8927: $? = 0
configure:8949: result: yes
configure:8957: checking if gcc supports -c -o file.o
configure:9004: result: yes
configure:9037: checking whether the gcc linker (/usr/bin/ld -m elf_x86_64) supports shared libraries
configure:10300: result: yes
configure:10337: checking whether -lc should be explicitly linked in
configure:10345: gcc -c -g -O2  conftest.c >&5
configure:10348: $? = 0
configure:10363: gcc -shared  -fPIC -DPIC conftest.o  -v -Wl,-soname -Wl,conftest -o conftest 2\>\&1 \| /usr/bin/grep  -lc  \>/dev/null 2\>\&1
configure:10366: $? = 0
configure:10380: result: no
configure:10540: checking dynamic linker characteristics
configure:11121: gcc -o conftest -g -O2   -Wl,-rpath -Wl,/foo conftest.c  >&5
configure:11121: $? = 0
configure:11370: result: GNU/Linux ld.so
configure:11492: checking how to hardcode library paths into programs
configure:11517: result: immediate
configure:12065: checking whether stripping libraries is possible
configure:12070: result: yes
configure:12105: checking if libtool supports shared libraries
configure:12107: result: yes
configure:12110: checking whether to build shared libraries
configure:12135: result: yes
configure:12138: checking whether to build static libraries
configure:12142: result: yes
configure:12233: checking for pkg-config
configure:12251: found /usr/bin/pkg-config
configure:12263: result: /usr/bin/pkg-config
configure:12288: checking pkg-config is at least version 0.9.0
configure:12291: result: yes
configure:12301: checking for glib-compile-resources
configure:12319: found /usr/bin/glib-compile-resources
configure:12331: result: /usr/bin/glib-compile-resources
configure:12340: checking for ANSI C header files
configure:12444: result: yes
configure:12455: checking fcntl.h usability
configure:12455: gcc -c -g -O2  conftest.c >&5
configure:12455: $? = 0
configure:12455: result: yes
configure:12455: checking fcntl.h presence
configure:12455: gcc -E  conftest.c
configure:12455: $? = 0
configure:12455: result: yes
configure:12455: checking for fcntl.h
configure:12455: result: yes
configure:12455: checking paths.h usability
configure:12455: gcc -c -g -O2  conftest.c >&5
configure:12455: $? = 0
configure:12455: result: yes
configure:12455: checking paths.h presence
configure:12455: gcc -E  conftest.c
configure:12455: $? = 0
configure:12455: result: yes
configure:12455: checking for paths.h
configure:12455: result: yes
configure:12455: checking sys/ioctl.h usability
configure:12455: gcc -c -g -O2  conftest.c >&5
configure:12455: $? = 0
configure:12455: result: yes
configure:12455: checking sys/ioctl.h presence
configure:12455: gcc -E  conftest.c
configure:12455: $? = 0
configure:12455: result: yes
configure:12455: checking for sys/ioctl.h
configure:12455: result: yes
configure:12455: checking sys/time.h usability
configure:12455: gcc -c -g -O2  conftest.c >&5
configure:12455: $? = 0
configure:12455: result: yes
configure:12455: checking sys/time.h presence
configure:12455: gcc -E  conftest.c
configure:12455: $? = 0
configure:12455: result: yes
configure:12455: checking for sys/time.h
configure:12455: result: yes
configure:12455: checking syslog.h usability
configure:12455: gcc -c -g -O2  conftest.c >&5
configure:12455: $? = 0
configure:12455: result: yes
configure:12455: checking syslog.h presence
configure:12455: gcc -E  conftest.c
configure:12455: $? = 0
configure:12455: result: yes
configure:12455: checking for syslog.h
configure:12455: result: yes
configure:12455: checking for unistd.h
configure:12455: result: yes
configure:12466: checking for mode_t
configure:12466: gcc -c -g -O2  conftest.c >&5
configure:12466: $? = 0
configure:12466: gcc -c -g -O2  conftest.c >&5
conftest.c: In function 'main':
conftest.c:66:21: error: expected expression before ')' token
   66 | if (sizeof ((mode_t)))
      |                     ^
configure:12466: $? = 1
configure: failed program was:
| /* confdefs.h */
| #define PACKAGE_NAME "NetworkManager-strongswan"
| #define PACKAGE_TARNAME "NetworkManager-strongswan"
| #define PACKAGE_VERSION "1.6.0"
| #define PACKAGE_STRING "NetworkManager-strongswan 1.6.0"
| #define PACKAGE_BUGREPORT "info@strongswan.org"
| #define PACKAGE_URL ""
| #define PACKAGE "NetworkManager-strongswan"
| #define VERSION "1.6.0"
| #define STDC_HEADERS 1
| #define HAVE_SYS_TYPES_H 1
| #define HAVE_SYS_STAT_H 1
| #define HAVE_STDLIB_H 1
| #define HAVE_STRING_H 1
| #define HAVE_MEMORY_H 1
| #define HAVE_STRINGS_H 1
| #define HAVE_INTTYPES_H 1
| #define HAVE_STDINT_H 1
| #define HAVE_UNISTD_H 1
| #define HAVE_DLFCN_H 1
| #define LT_OBJDIR ".libs/"
| #define STDC_HEADERS 1
| #define HAVE_FCNTL_H 1
| #define HAVE_PATHS_H 1
| #define HAVE_SYS_IOCTL_H 1
| #define HAVE_SYS_TIME_H 1
| #define HAVE_SYSLOG_H 1
| #define HAVE_UNISTD_H 1
| /* end confdefs.h.  */
| #include <stdio.h>
| #ifdef HAVE_SYS_TYPES_H
| # include <sys/types.h>
| #endif
| #ifdef HAVE_SYS_STAT_H
| # include <sys/stat.h>
| #endif
| #ifdef STDC_HEADERS
| # include <stdlib.h>
| # include <stddef.h>
| #else
| # ifdef HAVE_STDLIB_H
| #  include <stdlib.h>
| # endif
| #endif
| #ifdef HAVE_STRING_H
| # if !defined STDC_HEADERS && defined HAVE_MEMORY_H
| #  include <memory.h>
| # endif
| # include <string.h>
| #endif
| #ifdef HAVE_STRINGS_H
| # include <strings.h>
| #endif
| #ifdef HAVE_INTTYPES_H
| # include <inttypes.h>
| #endif
| #ifdef HAVE_STDINT_H
| # include <stdint.h>
| #endif
| #ifdef HAVE_UNISTD_H
| # include <unistd.h>
| #endif
| int
| main ()
| {
| if (sizeof ((mode_t)))
| 	    return 0;
|   ;
|   return 0;
| }
configure:12466: result: yes
configure:12477: checking for pid_t
configure:12477: gcc -c -g -O2  conftest.c >&5
configure:12477: $? = 0
configure:12477: gcc -c -g -O2  conftest.c >&5
conftest.c: In function 'main':
conftest.c:66:20: error: expected expression before ')' token
   66 | if (sizeof ((pid_t)))
      |                    ^
configure:12477: $? = 1
configure: failed program was:
| /* confdefs.h */
| #define PACKAGE_NAME "NetworkManager-strongswan"
| #define PACKAGE_TARNAME "NetworkManager-strongswan"
| #define PACKAGE_VERSION "1.6.0"
| #define PACKAGE_STRING "NetworkManager-strongswan 1.6.0"
| #define PACKAGE_BUGREPORT "info@strongswan.org"
| #define PACKAGE_URL ""
| #define PACKAGE "NetworkManager-strongswan"
| #define VERSION "1.6.0"
| #define STDC_HEADERS 1
| #define HAVE_SYS_TYPES_H 1
| #define HAVE_SYS_STAT_H 1
| #define HAVE_STDLIB_H 1
| #define HAVE_STRING_H 1
| #define HAVE_MEMORY_H 1
| #define HAVE_STRINGS_H 1
| #define HAVE_INTTYPES_H 1
| #define HAVE_STDINT_H 1
| #define HAVE_UNISTD_H 1
| #define HAVE_DLFCN_H 1
| #define LT_OBJDIR ".libs/"
| #define STDC_HEADERS 1
| #define HAVE_FCNTL_H 1
| #define HAVE_PATHS_H 1
| #define HAVE_SYS_IOCTL_H 1
| #define HAVE_SYS_TIME_H 1
| #define HAVE_SYSLOG_H 1
| #define HAVE_UNISTD_H 1
| /* end confdefs.h.  */
| #include <stdio.h>
| #ifdef HAVE_SYS_TYPES_H
| # include <sys/types.h>
| #endif
| #ifdef HAVE_SYS_STAT_H
| # include <sys/stat.h>
| #endif
| #ifdef STDC_HEADERS
| # include <stdlib.h>
| # include <stddef.h>
| #else
| # ifdef HAVE_STDLIB_H
| #  include <stdlib.h>
| # endif
| #endif
| #ifdef HAVE_STRING_H
| # if !defined STDC_HEADERS && defined HAVE_MEMORY_H
| #  include <memory.h>
| # endif
| # include <string.h>
| #endif
| #ifdef HAVE_STRINGS_H
| # include <strings.h>
| #endif
| #ifdef HAVE_INTTYPES_H
| # include <inttypes.h>
| #endif
| #ifdef HAVE_STDINT_H
| # include <stdint.h>
| #endif
| #ifdef HAVE_UNISTD_H
| # include <unistd.h>
| #endif
| int
| main ()
| {
| if (sizeof ((pid_t)))
| 	    return 0;
|   ;
|   return 0;
| }
configure:12477: result: yes
configure:12488: checking whether time.h and sys/time.h may both be included
configure:12508: gcc -c -g -O2  conftest.c >&5
configure:12508: $? = 0
configure:12515: result: yes
configure:12525: checking whether gcc needs -traditional
configure:12559: result: no
configure:12566: checking for working memcmp
configure:12609: gcc -o conftest -g -O2   conftest.c  >&5
configure:12609: $? = 0
configure:12609: ./conftest
configure:12609: $? = 0
configure:12619: result: yes
configure:12631: checking for select
configure:12631: gcc -o conftest -g -O2   conftest.c  >&5
configure:12631: $? = 0
configure:12631: result: yes
configure:12631: checking for socket
configure:12631: gcc -o conftest -g -O2   conftest.c  >&5
configure:12631: $? = 0
configure:12631: result: yes
configure:12631: checking for uname
configure:12631: gcc -o conftest -g -O2   conftest.c  >&5
configure:12631: $? = 0
configure:12631: result: yes
configure:12641: checking for library containing dlopen
configure:12672: gcc -o conftest -g -O2   conftest.c  >&5
configure:12672: $? = 0
configure:12689: result: none required
configure:12711: checking whether NLS is requested
configure:12720: result: yes
configure:12738: checking for intltool >= 0.35
configure:12740: result: 0.51.0 found
configure:12748: checking for intltool-update
configure:12766: found /usr/bin/intltool-update
configure:12778: result: /usr/bin/intltool-update
configure:12788: checking for intltool-merge
configure:12806: found /usr/bin/intltool-merge
configure:12818: result: /usr/bin/intltool-merge
configure:12828: checking for intltool-extract
configure:12846: found /usr/bin/intltool-extract
configure:12858: result: /usr/bin/intltool-extract
configure:13012: checking for xgettext
configure:13030: found /usr/bin/xgettext
configure:13042: result: /usr/bin/xgettext
configure:13052: checking for msgmerge
configure:13070: found /usr/bin/msgmerge
configure:13082: result: /usr/bin/msgmerge
configure:13092: checking for msgfmt
configure:13110: found /usr/bin/msgfmt
configure:13122: result: /usr/bin/msgfmt
configure:13132: checking for gmsgfmt
configure:13163: result: /usr/bin/msgfmt
configure:13183: checking for perl
configure:13201: found /usr/bin/perl
configure:13213: result: /usr/bin/perl
configure:13224: checking for perl >= 5.8.1
configure:13231: result: 5.36.0
configure:13235: checking for XML::Parser
configure:13238: result: ok
configure:13254: checking locale.h usability
configure:13254: gcc -c -g -O2  conftest.c >&5
configure:13254: $? = 0
configure:13254: result: yes
configure:13254: checking locale.h presence
configure:13254: gcc -E  conftest.c
configure:13254: $? = 0
configure:13254: result: yes
configure:13254: checking for locale.h
configure:13254: result: yes
configure:13265: checking for LC_MESSAGES
configure:13281: gcc -o conftest -g -O2   conftest.c  >&5
configure:13281: $? = 0
configure:13289: result: yes
configure:13307: checking for CFPreferencesCopyAppValue
configure:13325: gcc -o conftest -g -O2   conftest.c  -Wl,-framework -Wl,CoreFoundation >&5
conftest.c:37:10: fatal error: CoreFoundation/CFPreferences.h: No such file or directory
   37 | #include <CoreFoundation/CFPreferences.h>
      |          ^~~~~~~~~~~~~~~~~~~~~~~~~~~~~~~~
compilation terminated.
configure:13325: $? = 1
configure: failed program was:
| /* confdefs.h */
| #define PACKAGE_NAME "NetworkManager-strongswan"
| #define PACKAGE_TARNAME "NetworkManager-strongswan"
| #define PACKAGE_VERSION "1.6.0"
| #define PACKAGE_STRING "NetworkManager-strongswan 1.6.0"
| #define PACKAGE_BUGREPORT "info@strongswan.org"
| #define PACKAGE_URL ""
| #define PACKAGE "NetworkManager-strongswan"
| #define VERSION "1.6.0"
| #define STDC_HEADERS 1
| #define HAVE_SYS_TYPES_H 1
| #define HAVE_SYS_STAT_H 1
| #define HAVE_STDLIB_H 1
| #define HAVE_STRING_H 1
| #define HAVE_MEMORY_H 1
| #define HAVE_STRINGS_H 1
| #define HAVE_INTTYPES_H 1
| #define HAVE_STDINT_H 1
| #define HAVE_UNISTD_H 1
| #define HAVE_DLFCN_H 1
| #define LT_OBJDIR ".libs/"
| #define STDC_HEADERS 1
| #define HAVE_FCNTL_H 1
| #define HAVE_PATHS_H 1
| #define HAVE_SYS_IOCTL_H 1
| #define HAVE_SYS_TIME_H 1
| #define HAVE_SYSLOG_H 1
| #define HAVE_UNISTD_H 1
| #define TIME_WITH_SYS_TIME 1
| #define HAVE_SELECT 1
| #define HAVE_SOCKET 1
| #define HAVE_UNAME 1
| #define GETTEXT_PACKAGE "NetworkManager-strongswan"
| #define HAVE_LOCALE_H 1
| #define HAVE_LC_MESSAGES 1
| /* end confdefs.h.  */
| #include <CoreFoundation/CFPreferences.h>
| int
| main ()
| {
| CFPreferencesCopyAppValue(NULL, NULL)
|   ;
|   return 0;
| }
configure:13334: result: no
configure:13341: checking for CFLocaleCopyCurrent
configure:13359: gcc -o conftest -g -O2   conftest.c  -Wl,-framework -Wl,CoreFoundation >&5
conftest.c:37:10: fatal error: CoreFoundation/CFLocale.h: No such file or directory
   37 | #include <CoreFoundation/CFLocale.h>
      |          ^~~~~~~~~~~~~~~~~~~~~~~~~~~
compilation terminated.
configure:13359: $? = 1
configure: failed program was:
| /* confdefs.h */
| #define PACKAGE_NAME "NetworkManager-strongswan"
| #define PACKAGE_TARNAME "NetworkManager-strongswan"
| #define PACKAGE_VERSION "1.6.0"
| #define PACKAGE_STRING "NetworkManager-strongswan 1.6.0"
| #define PACKAGE_BUGREPORT "info@strongswan.org"
| #define PACKAGE_URL ""
| #define PACKAGE "NetworkManager-strongswan"
| #define VERSION "1.6.0"
| #define STDC_HEADERS 1
| #define HAVE_SYS_TYPES_H 1
| #define HAVE_SYS_STAT_H 1
| #define HAVE_STDLIB_H 1
| #define HAVE_STRING_H 1
| #define HAVE_MEMORY_H 1
| #define HAVE_STRINGS_H 1
| #define HAVE_INTTYPES_H 1
| #define HAVE_STDINT_H 1
| #define HAVE_UNISTD_H 1
| #define HAVE_DLFCN_H 1
| #define LT_OBJDIR ".libs/"
| #define STDC_HEADERS 1
| #define HAVE_FCNTL_H 1
| #define HAVE_PATHS_H 1
| #define HAVE_SYS_IOCTL_H 1
| #define HAVE_SYS_TIME_H 1
| #define HAVE_SYSLOG_H 1
| #define HAVE_UNISTD_H 1
| #define TIME_WITH_SYS_TIME 1
| #define HAVE_SELECT 1
| #define HAVE_SOCKET 1
| #define HAVE_UNAME 1
| #define GETTEXT_PACKAGE "NetworkManager-strongswan"
| #define HAVE_LOCALE_H 1
| #define HAVE_LC_MESSAGES 1
| /* end confdefs.h.  */
| #include <CoreFoundation/CFLocale.h>
| int
| main ()
| {
| CFLocaleCopyCurrent();
|   ;
|   return 0;
| }
configure:13368: result: no
configure:13382: checking libintl.h usability
configure:13382: gcc -c -g -O2  conftest.c >&5
configure:13382: $? = 0
configure:13382: result: yes
configure:13382: checking libintl.h presence
configure:13382: gcc -E  conftest.c
configure:13382: $? = 0
configure:13382: result: yes
configure:13382: checking for libintl.h
configure:13382: result: yes
configure:13390: checking for ngettext in libc
configure:13408: gcc -o conftest -g -O2   conftest.c  >&5
configure:13408: $? = 0
configure:13417: result: yes
configure:13421: checking for dgettext in libc
configure:13439: gcc -o conftest -g -O2   conftest.c  >&5
configure:13439: $? = 0
configure:13448: result: yes
configure:13455: checking for bind_textdomain_codeset
configure:13455: gcc -o conftest -g -O2   conftest.c  >&5
configure:13455: $? = 0
configure:13455: result: yes
configure:13731: checking for msgfmt
configure:13758: result: /usr/bin/msgfmt
configure:13769: checking for dcgettext
configure:13769: gcc -o conftest -g -O2   conftest.c   >&5
conftest.c:62:6: warning: conflicting types for built-in function 'dcgettext'; expected 'char *(const char *, const char *, int)' [-Wbuiltin-declaration-mismatch]
   62 | char dcgettext ();
      |      ^~~~~~~~~
configure:13769: $? = 0
configure:13769: result: yes
configure:13779: checking if msgfmt accepts -c
configure:13794: $MSGFMT -c -o /dev/null conftest.foo
conftest.foo:3: warning: header field 'Language' missing in header
configure:13797: $? = 0
configure:13799: result: yes
configure:13809: checking for gmsgfmt
configure:13840: result: /usr/bin/msgfmt
configure:13850: checking for xgettext
configure:13877: result: /usr/bin/xgettext
configure:13896: gcc -o conftest -g -O2   conftest.c   >&5
configure:13896: $? = 0
configure:14038: checking for GTK
configure:14045: $PKG_CONFIG --exists --print-errors "gtk+-3.0 >= 3.0"
configure:14048: $? = 0
configure:14062: $PKG_CONFIG --exists --print-errors "gtk+-3.0 >= 3.0"
configure:14065: $? = 0
configure:14123: result: yes
configure:14129: checking for LIBSECRET
configure:14136: $PKG_CONFIG --exists --print-errors "libsecret-1"
configure:14139: $? = 0
configure:14153: $PKG_CONFIG --exists --print-errors "libsecret-1"
configure:14156: $? = 0
configure:14214: result: yes
configure:14268: checking for LIBNM
configure:14275: $PKG_CONFIG --exists --print-errors "libnm >= 1.1.0"
configure:14278: $? = 0
configure:14292: $PKG_CONFIG --exists --print-errors "libnm >= 1.1.0"
configure:14295: $? = 0
configure:14353: result: yes
configure:14361: checking for LIBNMA
configure:14368: $PKG_CONFIG --exists --print-errors "libnma >= 1.1.0"
configure:14371: $? = 0
configure:14385: $PKG_CONFIG --exists --print-errors "libnma >= 1.1.0"
configure:14388: $? = 0
configure:14446: result: yes
configure:14658: checking for more warnings
configure:14661: result: yes
configure:14671: checking whether gcc understands -Wshadow
configure:14684: gcc -c -Wall -Werror -std=gnu89 -g -O2 -Wshadow  conftest.c >&5
configure:14684: $? = 0
configure:14693: result: yes
configure:14671: checking whether gcc understands -Wmissing-declarations
configure:14684: gcc -c -Wall -Werror -std=gnu89 -g -O2 -Wshadow -Wmissing-declarations  conftest.c >&5
configure:14684: $? = 0
configure:14693: result: yes
configure:14671: checking whether gcc understands -Wmissing-prototypes
configure:14684: gcc -c -Wall -Werror -std=gnu89 -g -O2 -Wshadow -Wmissing-declarations -Wmissing-prototypes  conftest.c >&5
configure:14684: $? = 0
configure:14693: result: yes
configure:14671: checking whether gcc understands -Wdeclaration-after-statement
configure:14684: gcc -c -Wall -Werror -std=gnu89 -g -O2 -Wshadow -Wmissing-declarations -Wmissing-prototypes -Wdeclaration-after-statement  conftest.c >&5
configure:14684: $? = 0
configure:14693: result: yes
configure:14671: checking whether gcc understands -Wstrict-prototypes
configure:14684: gcc -c -Wall -Werror -std=gnu89 -g -O2 -Wshadow -Wmissing-declarations -Wmissing-prototypes -Wdeclaration-after-statement -Wstrict-prototypes  conftest.c >&5
conftest.c:43:1: error: function declaration isn't a prototype [-Werror=strict-prototypes]
   43 | main ()
      | ^~~~
cc1: all warnings being treated as errors
configure:14684: $? = 1
configure: failed program was:
| /* confdefs.h */
| #define PACKAGE_NAME "NetworkManager-strongswan"
| #define PACKAGE_TARNAME "NetworkManager-strongswan"
| #define PACKAGE_VERSION "1.6.0"
| #define PACKAGE_STRING "NetworkManager-strongswan 1.6.0"
| #define PACKAGE_BUGREPORT "info@strongswan.org"
| #define PACKAGE_URL ""
| #define PACKAGE "NetworkManager-strongswan"
| #define VERSION "1.6.0"
| #define STDC_HEADERS 1
| #define HAVE_SYS_TYPES_H 1
| #define HAVE_SYS_STAT_H 1
| #define HAVE_STDLIB_H 1
| #define HAVE_STRING_H 1
| #define HAVE_MEMORY_H 1
| #define HAVE_STRINGS_H 1
| #define HAVE_INTTYPES_H 1
| #define HAVE_STDINT_H 1
| #define HAVE_UNISTD_H 1
| #define HAVE_DLFCN_H 1
| #define LT_OBJDIR ".libs/"
| #define STDC_HEADERS 1
| #define HAVE_FCNTL_H 1
| #define HAVE_PATHS_H 1
| #define HAVE_SYS_IOCTL_H 1
| #define HAVE_SYS_TIME_H 1
| #define HAVE_SYSLOG_H 1
| #define HAVE_UNISTD_H 1
| #define TIME_WITH_SYS_TIME 1
| #define HAVE_SELECT 1
| #define HAVE_SOCKET 1
| #define HAVE_UNAME 1
| #define GETTEXT_PACKAGE "NetworkManager-strongswan"
| #define HAVE_LOCALE_H 1
| #define HAVE_LC_MESSAGES 1
| #define HAVE_BIND_TEXTDOMAIN_CODESET 1
| #define HAVE_GETTEXT 1
| #define HAVE_DCGETTEXT 1
| #define ENABLE_NLS 1
| /* end confdefs.h.  */
| 
| int
| main ()
| {
| 
|   ;
|   return 0;
| }
configure:14693: result: no
configure:14671: checking whether gcc understands -Wfloat-equal
configure:14684: gcc -c -Wall -Werror -std=gnu89 -g -O2 -Wshadow -Wmissing-declarations -Wmissing-prototypes -Wdeclaration-after-statement -Wfloat-equal  conftest.c >&5
configure:14684: $? = 0
configure:14693: result: yes
configure:14671: checking whether gcc understands -Wno-unused-parameter
configure:14684: gcc -c -Wall -Werror -std=gnu89 -g -O2 -Wshadow -Wmissing-declarations -Wmissing-prototypes -Wdeclaration-after-statement -Wfloat-equal -Wno-unused-parameter  conftest.c >&5
configure:14684: $? = 0
configure:14693: result: yes
configure:14671: checking whether gcc understands -Wno-sign-compare
configure:14684: gcc -c -Wall -Werror -std=gnu89 -g -O2 -Wshadow -Wmissing-declarations -Wmissing-prototypes -Wdeclaration-after-statement -Wfloat-equal -Wno-unused-parameter -Wno-sign-compare  conftest.c >&5
configure:14684: $? = 0
configure:14693: result: yes
configure:14671: checking whether gcc understands -fno-strict-aliasing
configure:14684: gcc -c -Wall -Werror -std=gnu89 -g -O2 -Wshadow -Wmissing-declarations -Wmissing-prototypes -Wdeclaration-after-statement -Wfloat-equal -Wno-unused-parameter -Wno-sign-compare -fno-strict-aliasing  conftest.c >&5
configure:14684: $? = 0
configure:14693: result: yes
configure:14808: checking that generated files are newer than configure
configure:14814: result: done
configure:14849: creating ./config.status

## ---------------------- ##
## Running config.status. ##
## ---------------------- ##

This file was extended by NetworkManager-strongswan config.status 1.6.0, which was
generated by GNU Autoconf 2.69.  Invocation command line was

  CONFIG_FILES    = 
  CONFIG_HEADERS  = 
  CONFIG_LINKS    = 
  CONFIG_COMMANDS = 
  $ ./config.status 

on astra-03780

config.status:1210: creating Makefile
config.status:1210: creating properties/Makefile
config.status:1210: creating auth-dialog/Makefile
config.status:1210: creating po/Makefile.in
config.status:1210: creating config.h
config.status:1424: executing depfiles commands
config.status:1501: cd properties       && sed -e '/# am--include-marker/d' Makefile         | make -f - am--depfiles
config.status:1506: $? = 0
config.status:1501: cd auth-dialog       && sed -e '/# am--include-marker/d' Makefile         | make -f - am--depfiles
config.status:1506: $? = 0
config.status:1424: executing libtool commands
config.status:1424: executing default-1 commands
config.status:1424: executing po/stamp-it commands

## ---------------- ##
## Cache variables. ##
## ---------------- ##

ac_cv_build=x86_64-pc-linux-gnu
ac_cv_c_compiler_gnu=yes
ac_cv_env_CC_set=
ac_cv_env_CC_value=
ac_cv_env_CFLAGS_set=
ac_cv_env_CFLAGS_value=
ac_cv_env_CPPFLAGS_set=
ac_cv_env_CPPFLAGS_value=
ac_cv_env_CPP_set=
ac_cv_env_CPP_value=
ac_cv_env_GTK4_CFLAGS_set=
ac_cv_env_GTK4_CFLAGS_value=
ac_cv_env_GTK4_LIBS_set=
ac_cv_env_GTK4_LIBS_value=
ac_cv_env_GTK_CFLAGS_set=
ac_cv_env_GTK_CFLAGS_value=
ac_cv_env_GTK_LIBS_set=
ac_cv_env_GTK_LIBS_value=
ac_cv_env_LDFLAGS_set=
ac_cv_env_LDFLAGS_value=
ac_cv_env_LIBNMA_CFLAGS_set=
ac_cv_env_LIBNMA_CFLAGS_value=
ac_cv_env_LIBNMA_GTK4_CFLAGS_set=
ac_cv_env_LIBNMA_GTK4_CFLAGS_value=
ac_cv_env_LIBNMA_GTK4_LIBS_set=
ac_cv_env_LIBNMA_GTK4_LIBS_value=
ac_cv_env_LIBNMA_LIBS_set=
ac_cv_env_LIBNMA_LIBS_value=
ac_cv_env_LIBNM_CFLAGS_set=
ac_cv_env_LIBNM_CFLAGS_value=
ac_cv_env_LIBNM_LIBS_set=
ac_cv_env_LIBNM_LIBS_value=
ac_cv_env_LIBSECRET_CFLAGS_set=
ac_cv_env_LIBSECRET_CFLAGS_value=
ac_cv_env_LIBSECRET_LIBS_set=
ac_cv_env_LIBSECRET_LIBS_value=
ac_cv_env_LIBS_set=
ac_cv_env_LIBS_value=
ac_cv_env_LT_SYS_LIBRARY_PATH_set=
ac_cv_env_LT_SYS_LIBRARY_PATH_value=
ac_cv_env_PKG_CONFIG_LIBDIR_set=
ac_cv_env_PKG_CONFIG_LIBDIR_value=
ac_cv_env_PKG_CONFIG_PATH_set=
ac_cv_env_PKG_CONFIG_PATH_value=
ac_cv_env_PKG_CONFIG_set=
ac_cv_env_PKG_CONFIG_value=
ac_cv_env_build_alias_set=
ac_cv_env_build_alias_value=
ac_cv_env_host_alias_set=
ac_cv_env_host_alias_value=
ac_cv_env_target_alias_set=
ac_cv_env_target_alias_value=
ac_cv_func_bind_textdomain_codeset=yes
ac_cv_func_dcgettext=yes
ac_cv_func_memcmp_working=yes
ac_cv_func_select=yes
ac_cv_func_socket=yes
ac_cv_func_uname=yes
ac_cv_header_dlfcn_h=yes
ac_cv_header_fcntl_h=yes
ac_cv_header_inttypes_h=yes
ac_cv_header_libintl_h=yes
ac_cv_header_locale_h=yes
ac_cv_header_memory_h=yes
ac_cv_header_paths_h=yes
ac_cv_header_stdc=yes
ac_cv_header_stdint_h=yes
ac_cv_header_stdlib_h=yes
ac_cv_header_string_h=yes
ac_cv_header_strings_h=yes
ac_cv_header_sys_ioctl_h=yes
ac_cv_header_sys_stat_h=yes
ac_cv_header_sys_time_h=yes
ac_cv_header_sys_types_h=yes
ac_cv_header_syslog_h=yes
ac_cv_header_time=yes
ac_cv_header_unistd_h=yes
ac_cv_host=x86_64-pc-linux-gnu
ac_cv_objext=o
ac_cv_path_EGREP='/usr/bin/grep -E'
ac_cv_path_FGREP='/usr/bin/grep -F'
ac_cv_path_GLIB_COMPILE_RESOURCES=/usr/bin/glib-compile-resources
ac_cv_path_GMSGFMT=/usr/bin/msgfmt
ac_cv_path_GREP=/usr/bin/grep
ac_cv_path_INTLTOOL_EXTRACT=/usr/bin/intltool-extract
ac_cv_path_INTLTOOL_MERGE=/usr/bin/intltool-merge
ac_cv_path_INTLTOOL_PERL=/usr/bin/perl
ac_cv_path_INTLTOOL_UPDATE=/usr/bin/intltool-update
ac_cv_path_MSGFMT=/usr/bin/msgfmt
ac_cv_path_MSGMERGE=/usr/bin/msgmerge
ac_cv_path_SED=/usr/bin/sed
ac_cv_path_XGETTEXT=/usr/bin/xgettext
ac_cv_path_ac_pt_PKG_CONFIG=/usr/bin/pkg-config
ac_cv_path_install='/usr/bin/install -c'
ac_cv_path_lt_DD=/usr/bin/dd
ac_cv_path_mkdir=/usr/bin/mkdir
ac_cv_prog_AWK=gawk
ac_cv_prog_CPP='gcc -E'
ac_cv_prog_ac_ct_AR=ar
ac_cv_prog_ac_ct_CC=gcc
ac_cv_prog_ac_ct_MANIFEST_TOOL=mt
ac_cv_prog_ac_ct_OBJDUMP=objdump
ac_cv_prog_ac_ct_RANLIB=ranlib
ac_cv_prog_ac_ct_STRIP=strip
ac_cv_prog_cc_c89=
ac_cv_prog_cc_g=yes
ac_cv_prog_gcc_traditional=no
ac_cv_prog_make_make_set=yes
ac_cv_search_dlopen='none required'
ac_cv_type_mode_t=yes
ac_cv_type_pid_t=yes
am_cv_CC_dependencies_compiler_type=gcc3
am_cv_make_support_nested_variables=yes
am_cv_prog_cc_c_o=yes
am_cv_val_LC_MESSAGES=yes
gt_cv_func_CFLocaleCopyCurrent=no
gt_cv_func_CFPreferencesCopyAppValue=no
gt_cv_func_dgettext_libc=yes
gt_cv_func_dgettext_libintl=no
gt_cv_func_ngettext_libc=yes
gt_cv_have_gettext=yes
lt_cv_ar_at_file=@
lt_cv_archive_cmds_need_lc=no
lt_cv_deplibs_check_method=pass_all
lt_cv_file_magic_cmd='$MAGIC_CMD'
lt_cv_file_magic_test_file=
lt_cv_ld_reload_flag=-r
lt_cv_nm_interface='BSD nm'
lt_cv_objdir=.libs
lt_cv_path_LD=/usr/bin/ld
lt_cv_path_NM='/usr/bin/nm -B'
lt_cv_path_mainfest_tool=no
lt_cv_prog_compiler_c_o=yes
lt_cv_prog_compiler_pic='-fPIC -DPIC'
lt_cv_prog_compiler_pic_works=yes
lt_cv_prog_compiler_rtti_exceptions=no
lt_cv_prog_compiler_static_works=yes
lt_cv_prog_gnu_ld=yes
lt_cv_sharedlib_from_linklib_cmd='printf %s\n'
lt_cv_shlibpath_overrides_runpath=yes
lt_cv_sys_global_symbol_pipe='sed -n -e '\''s/^.*[	 ]\([ABCDGIRSTW][ABCDGIRSTW]*\)[	 ][	 ]*\([_A-Za-z][_A-Za-z0-9]*\)$/\1 \2 \2/p'\'' | sed '\''/ __gnu_lto/d'\'''
lt_cv_sys_global_symbol_to_c_name_address='sed -n -e '\''s/^: \(.*\) .*$/  {"\1", (void *) 0},/p'\'' -e '\''s/^[ABCDGIRSTW][ABCDGIRSTW]* .* \(.*\)$/  {"\1", (void *) \&\1},/p'\'''
lt_cv_sys_global_symbol_to_c_name_address_lib_prefix='sed -n -e '\''s/^: \(.*\) .*$/  {"\1", (void *) 0},/p'\'' -e '\''s/^[ABCDGIRSTW][ABCDGIRSTW]* .* \(lib.*\)$/  {"\1", (void *) \&\1},/p'\'' -e '\''s/^[ABCDGIRSTW][ABCDGIRSTW]* .* \(.*\)$/  {"lib\1", (void *) \&\1},/p'\'''
lt_cv_sys_global_symbol_to_cdecl='sed -n -e '\''s/^T .* \(.*\)$/extern int \1();/p'\'' -e '\''s/^[ABCDGIRSTW][ABCDGIRSTW]* .* \(.*\)$/extern char \1;/p'\'''
lt_cv_sys_global_symbol_to_import=
lt_cv_sys_max_cmd_len=1572864
lt_cv_to_host_file_cmd=func_convert_file_noop
lt_cv_to_tool_file_cmd=func_convert_file_noop
lt_cv_truncate_bin='/usr/bin/dd bs=4096 count=1'
pkg_cv_GTK_CFLAGS='-I/usr/include/gtk-3.0 -I/usr/include/pango-1.0 -I/usr/include/glib-2.0 -I/usr/lib/x86_64-linux-gnu/glib-2.0/include -I/usr/include/harfbuzz -I/usr/include/freetype2 -I/usr/include/libpng16 -I/usr/include/libmount -I/usr/include/blkid -I/usr/include/fribidi -I/usr/include/cairo -I/usr/include/pixman-1 -I/usr/include/gdk-pixbuf-2.0 -I/usr/include/x86_64-linux-gnu -I/usr/include/gio-unix-2.0 -I/usr/include/cloudproviders -I/usr/include/atk-1.0 -I/usr/include/at-spi2-atk/2.0 -I/usr/include/at-spi-2.0 -I/usr/include/dbus-1.0 -I/usr/lib/x86_64-linux-gnu/dbus-1.0/include -pthread '
pkg_cv_GTK_LIBS='-lgtk-3 -lgdk-3 -lz -lpangocairo-1.0 -lpango-1.0 -lharfbuzz -latk-1.0 -lcairo-gobject -lcairo -lgdk_pixbuf-2.0 -lgio-2.0 -lgobject-2.0 -lglib-2.0 '
pkg_cv_LIBNMA_CFLAGS='-I/usr/local/include/libnma -I/usr/include/libnm -I/usr/include/glib-2.0 -I/usr/lib/x86_64-linux-gnu/glib-2.0/include -pthread -I/usr/include/libmount -I/usr/include/blkid '
pkg_cv_LIBNMA_LIBS='-L/usr/local/lib/x86_64-linux-gnu -lnma -lnm -lgio-2.0 -lgobject-2.0 -lglib-2.0 '
pkg_cv_LIBNM_CFLAGS='-I/usr/include/libnm -I/usr/include/glib-2.0 -I/usr/lib/x86_64-linux-gnu/glib-2.0/include -pthread -I/usr/include/libmount -I/usr/include/blkid '
pkg_cv_LIBNM_LIBS='-lnm -lgio-2.0 -lgobject-2.0 -lglib-2.0 '
pkg_cv_LIBSECRET_CFLAGS='-I/usr/include/libsecret-1 -I/usr/include/glib-2.0 -I/usr/lib/x86_64-linux-gnu/glib-2.0/include -I/usr/include/libmount -I/usr/include/blkid -I/usr/include/gio-unix-2.0 -pthread '
pkg_cv_LIBSECRET_LIBS='-lsecret-1 -lgio-2.0 -lgobject-2.0 -lglib-2.0 '

## ----------------- ##
## Output variables. ##
## ----------------- ##

ACLOCAL='${SHELL} /home/xoadmin/Sources/strongswan-gnome/1.8/bin/network-manager-strongswan-1.6.0/missing aclocal-1.16'
ALL_LINGUAS=''
AMDEPBACKSLASH='\'
AMDEP_FALSE='#'
AMDEP_TRUE=''
AMTAR='$${TAR-tar}'
AM_BACKSLASH='\'
AM_DEFAULT_V='$(AM_DEFAULT_VERBOSITY)'
AM_DEFAULT_VERBOSITY='1'
AM_V='$(V)'
AR='ar'
AUTOCONF='${SHELL} /home/xoadmin/Sources/strongswan-gnome/1.8/bin/network-manager-strongswan-1.6.0/missing autoconf'
AUTOHEADER='${SHELL} /home/xoadmin/Sources/strongswan-gnome/1.8/bin/network-manager-strongswan-1.6.0/missing autoheader'
AUTOMAKE='${SHELL} /home/xoadmin/Sources/strongswan-gnome/1.8/bin/network-manager-strongswan-1.6.0/missing automake-1.16'
AWK='gawk'
CATALOGS=''
CATOBJEXT='.gmo'
CC='gcc'
CCDEPMODE='depmode=gcc3'
CFLAGS='-Wall -Werror -std=gnu89 -g -O2 -Wshadow -Wmissing-declarations -Wmissing-prototypes -Wdeclaration-after-statement -Wfloat-equal -Wno-unused-parameter -Wno-sign-compare -fno-strict-aliasing'
CPP='gcc -E'
CPPFLAGS=''
CYGPATH_W='echo'
DATADIRNAME='share'
DEFS='-DHAVE_CONFIG_H'
DEPDIR='.deps'
DLLTOOL='false'
DL_LIBS='none required'
DSYMUTIL=''
DUMPBIN=''
ECHO_C=''
ECHO_N='-n'
ECHO_T=''
EGREP='/usr/bin/grep -E'
EXEEXT=''
FGREP='/usr/bin/grep -F'
GETTEXT_PACKAGE='NetworkManager-strongswan'
GLIB_COMPILE_RESOURCES='/usr/bin/glib-compile-resources'
GMOFILES=''
GMSGFMT='/usr/bin/msgfmt'
GREP='/usr/bin/grep'
GTK4_CFLAGS=''
GTK4_LIBS=''
GTK_CFLAGS='-I/usr/include/gtk-3.0 -I/usr/include/pango-1.0 -I/usr/include/glib-2.0 -I/usr/lib/x86_64-linux-gnu/glib-2.0/include -I/usr/include/harfbuzz -I/usr/include/freetype2 -I/usr/include/libpng16 -I/usr/include/libmount -I/usr/include/blkid -I/usr/include/fribidi -I/usr/include/cairo -I/usr/include/pixman-1 -I/usr/include/gdk-pixbuf-2.0 -I/usr/include/x86_64-linux-gnu -I/usr/include/gio-unix-2.0 -I/usr/include/cloudproviders -I/usr/include/atk-1.0 -I/usr/include/at-spi2-atk/2.0 -I/usr/include/at-spi-2.0 -I/usr/include/dbus-1.0 -I/usr/lib/x86_64-linux-gnu/dbus-1.0/include -pthread '
GTK_LIBS='-lgtk-3 -lgdk-3 -lz -lpangocairo-1.0 -lpango-1.0 -lharfbuzz -latk-1.0 -lcairo-gobject -lcairo -lgdk_pixbuf-2.0 -lgio-2.0 -lgobject-2.0 -lglib-2.0 '
INSTALL_DATA='${INSTALL} -m 644'
INSTALL_PROGRAM='${INSTALL}'
INSTALL_SCRIPT='${INSTALL}'
INSTALL_STRIP_PROGRAM='$(install_sh) -c -s'
INSTOBJEXT='.mo'
INTLLIBS=''
INTLTOOL_CAVES_RULE='%.caves:     %.caves.in     $(INTLTOOL_MERGE) $(wildcard $(top_srcdir)/po/*.po) ; $(INTLTOOL_V_MERGE)LC_ALL=C $(INTLTOOL_MERGE) $(INTLTOOL_V_MERGE_OPTIONS) -d -u -c $(top_builddir)/po/.intltool-merge-cache $(top_srcdir)/po $< $@'
INTLTOOL_DESKTOP_RULE='%.desktop:   %.desktop.in   $(INTLTOOL_MERGE) $(wildcard $(top_srcdir)/po/*.po) ; $(INTLTOOL_V_MERGE)LC_ALL=C $(INTLTOOL_MERGE) $(INTLTOOL_V_MERGE_OPTIONS) -d -u -c $(top_builddir)/po/.intltool-merge-cache $(top_srcdir)/po $< $@'
INTLTOOL_DIRECTORY_RULE='%.directory: %.directory.in $(INTLTOOL_MERGE) $(wildcard $(top_srcdir)/po/*.po) ; $(INTLTOOL_V_MERGE)LC_ALL=C $(INTLTOOL_MERGE) $(INTLTOOL_V_MERGE_OPTIONS) -d -u -c $(top_builddir)/po/.intltool-merge-cache $(top_srcdir)/po $< $@'
INTLTOOL_EXTRACT='/usr/bin/intltool-extract'
INTLTOOL_KBD_RULE='%.kbd:       %.kbd.in       $(INTLTOOL_MERGE) $(wildcard $(top_srcdir)/po/*.po) ; $(INTLTOOL_V_MERGE)LC_ALL=C $(INTLTOOL_MERGE) $(INTLTOOL_V_MERGE_OPTIONS) -x -u -m -c $(top_builddir)/po/.intltool-merge-cache $(top_srcdir)/po $< $@'
INTLTOOL_KEYS_RULE='%.keys:      %.keys.in      $(INTLTOOL_MERGE) $(wildcard $(top_srcdir)/po/*.po) ; $(INTLTOOL_V_MERGE)LC_ALL=C $(INTLTOOL_MERGE) $(INTLTOOL_V_MERGE_OPTIONS) -k -u -c $(top_builddir)/po/.intltool-merge-cache $(top_srcdir)/po $< $@'
INTLTOOL_MERGE='/usr/bin/intltool-merge'
INTLTOOL_OAF_RULE='%.oaf:       %.oaf.in       $(INTLTOOL_MERGE) $(wildcard $(top_srcdir)/po/*.po) ; $(INTLTOOL_V_MERGE)LC_ALL=C $(INTLTOOL_MERGE) $(INTLTOOL_V_MERGE_OPTIONS) -o -p $(top_srcdir)/po $< $@'
INTLTOOL_PERL='/usr/bin/perl'
INTLTOOL_POLICY_RULE='%.policy:    %.policy.in    $(INTLTOOL_MERGE) $(wildcard $(top_srcdir)/po/*.po) ; $(INTLTOOL_V_MERGE)LC_ALL=C $(INTLTOOL_MERGE) $(INTLTOOL_V_MERGE_OPTIONS) -x -u -c $(top_builddir)/po/.intltool-merge-cache $(top_srcdir)/po $< $@'
INTLTOOL_PONG_RULE='%.pong:      %.pong.in      $(INTLTOOL_MERGE) $(wildcard $(top_srcdir)/po/*.po) ; $(INTLTOOL_V_MERGE)LC_ALL=C $(INTLTOOL_MERGE) $(INTLTOOL_V_MERGE_OPTIONS) -x -u -c $(top_builddir)/po/.intltool-merge-cache $(top_srcdir)/po $< $@'
INTLTOOL_PROP_RULE='%.prop:      %.prop.in      $(INTLTOOL_MERGE) $(wildcard $(top_srcdir)/po/*.po) ; $(INTLTOOL_V_MERGE)LC_ALL=C $(INTLTOOL_MERGE) $(INTLTOOL_V_MERGE_OPTIONS) -d -u -c $(top_builddir)/po/.intltool-merge-cache $(top_srcdir)/po $< $@'
INTLTOOL_SCHEMAS_RULE='%.schemas:   %.schemas.in   $(INTLTOOL_MERGE) $(wildcard $(top_srcdir)/po/*.po) ; $(INTLTOOL_V_MERGE)LC_ALL=C $(INTLTOOL_MERGE) $(INTLTOOL_V_MERGE_OPTIONS) -s -u -c $(top_builddir)/po/.intltool-merge-cache $(top_srcdir)/po $< $@'
INTLTOOL_SERVER_RULE='%.server:    %.server.in    $(INTLTOOL_MERGE) $(wildcard $(top_srcdir)/po/*.po) ; $(INTLTOOL_V_MERGE)LC_ALL=C $(INTLTOOL_MERGE) $(INTLTOOL_V_MERGE_OPTIONS) -o -u -c $(top_builddir)/po/.intltool-merge-cache $(top_srcdir)/po $< $@'
INTLTOOL_SERVICE_RULE='%.service: %.service.in   $(INTLTOOL_MERGE) $(wildcard $(top_srcdir)/po/*.po) ; $(INTLTOOL_V_MERGE)LC_ALL=C $(INTLTOOL_MERGE) $(INTLTOOL_V_MERGE_OPTIONS) -d -u -c $(top_builddir)/po/.intltool-merge-cache $(top_srcdir)/po $< $@'
INTLTOOL_SHEET_RULE='%.sheet:     %.sheet.in     $(INTLTOOL_MERGE) $(wildcard $(top_srcdir)/po/*.po) ; $(INTLTOOL_V_MERGE)LC_ALL=C $(INTLTOOL_MERGE) $(INTLTOOL_V_MERGE_OPTIONS) -x -u -c $(top_builddir)/po/.intltool-merge-cache $(top_srcdir)/po $< $@'
INTLTOOL_SOUNDLIST_RULE='%.soundlist: %.soundlist.in $(INTLTOOL_MERGE) $(wildcard $(top_srcdir)/po/*.po) ; $(INTLTOOL_V_MERGE)LC_ALL=C $(INTLTOOL_MERGE) $(INTLTOOL_V_MERGE_OPTIONS) -d -u -c $(top_builddir)/po/.intltool-merge-cache $(top_srcdir)/po $< $@'
INTLTOOL_THEME_RULE='%.theme:     %.theme.in     $(INTLTOOL_MERGE) $(wildcard $(top_srcdir)/po/*.po) ; $(INTLTOOL_V_MERGE)LC_ALL=C $(INTLTOOL_MERGE) $(INTLTOOL_V_MERGE_OPTIONS) -d -u -c $(top_builddir)/po/.intltool-merge-cache $(top_srcdir)/po $< $@'
INTLTOOL_UI_RULE='%.ui:        %.ui.in        $(INTLTOOL_MERGE) $(wildcard $(top_srcdir)/po/*.po) ; $(INTLTOOL_V_MERGE)LC_ALL=C $(INTLTOOL_MERGE) $(INTLTOOL_V_MERGE_OPTIONS) -x -u -c $(top_builddir)/po/.intltool-merge-cache $(top_srcdir)/po $< $@'
INTLTOOL_UPDATE='/usr/bin/intltool-update'
INTLTOOL_V_MERGE='$(INTLTOOL__v_MERGE_$(V))'
INTLTOOL_V_MERGE_OPTIONS='$(intltool__v_merge_options_$(V))'
INTLTOOL_XAM_RULE='%.xam:       %.xml.in       $(INTLTOOL_MERGE) $(wildcard $(top_srcdir)/po/*.po) ; $(INTLTOOL_V_MERGE)LC_ALL=C $(INTLTOOL_MERGE) $(INTLTOOL_V_MERGE_OPTIONS) -x -u -c $(top_builddir)/po/.intltool-merge-cache $(top_srcdir)/po $< $@'
INTLTOOL_XML_NOMERGE_RULE='%.xml:       %.xml.in       $(INTLTOOL_MERGE) ; $(INTLTOOL_V_MERGE)LC_ALL=C $(INTLTOOL_MERGE) $(INTLTOOL_V_MERGE_OPTIONS) -x -u --no-translations $< $@'
INTLTOOL_XML_RULE='%.xml:       %.xml.in       $(INTLTOOL_MERGE) $(wildcard $(top_srcdir)/po/*.po) ; $(INTLTOOL_V_MERGE)LC_ALL=C $(INTLTOOL_MERGE) $(INTLTOOL_V_MERGE_OPTIONS) -x -u -c $(top_builddir)/po/.intltool-merge-cache $(top_srcdir)/po $< $@'
INTLTOOL__v_MERGE_0='@echo "  ITMRG " $@;'
INTLTOOL__v_MERGE_='$(INTLTOOL__v_MERGE_$(AM_DEFAULT_VERBOSITY))'
INTL_MACOSX_LIBS=''
LD='/usr/bin/ld -m elf_x86_64'
LDFLAGS=''
LIBNMA_CFLAGS='-I/usr/local/include/libnma -I/usr/include/libnm -I/usr/include/glib-2.0 -I/usr/lib/x86_64-linux-gnu/glib-2.0/include -pthread -I/usr/include/libmount -I/usr/include/blkid '
LIBNMA_GTK4_CFLAGS=''
LIBNMA_GTK4_LIBS=''
LIBNMA_LIBS='-L/usr/local/lib/x86_64-linux-gnu -lnma -lnm -lgio-2.0 -lgobject-2.0 -lglib-2.0 '
LIBNM_CFLAGS='-I/usr/include/libnm -I/usr/include/glib-2.0 -I/usr/lib/x86_64-linux-gnu/glib-2.0/include -pthread -I/usr/include/libmount -I/usr/include/blkid  -DNM_VERSION_MIN_REQUIRED=NM_VERSION_1_2 -DNM_VERSION_MAX_ALLOWED=NM_VERSION_1_2'
LIBNM_LIBS='-lnm -lgio-2.0 -lgobject-2.0 -lglib-2.0 '
LIBOBJS=''
LIBS=''
LIBSECRET_CFLAGS='-I/usr/include/libsecret-1 -I/usr/include/glib-2.0 -I/usr/lib/x86_64-linux-gnu/glib-2.0/include -I/usr/include/libmount -I/usr/include/blkid -I/usr/include/gio-unix-2.0 -pthread '
LIBSECRET_LIBS='-lsecret-1 -lgio-2.0 -lgobject-2.0 -lglib-2.0 '
LIBTOOL='$(SHELL) $(top_builddir)/libtool'
LIPO=''
LN_S='ln -s'
LTLIBOBJS=''
LT_SYS_LIBRARY_PATH=''
MAINT='#'
MAINTAINER_MODE_FALSE=''
MAINTAINER_MODE_TRUE='#'
MAKEINFO='${SHELL} /home/xoadmin/Sources/strongswan-gnome/1.8/bin/network-manager-strongswan-1.6.0/missing makeinfo'
MANIFEST_TOOL=':'
MKDIR_P='/usr/bin/mkdir -p'
MKINSTALLDIRS='../mkinstalldirs'
MSGFMT='/usr/bin/msgfmt'
MSGFMT_OPTS='-c'
MSGMERGE='/usr/bin/msgmerge'
NM='/usr/bin/nm -B'
NMEDIT=''
OBJDUMP='objdump'
OBJEXT='o'
OTOOL64=''
OTOOL=''
PACKAGE='NetworkManager-strongswan'
PACKAGE_BUGREPORT='info@strongswan.org'
PACKAGE_NAME='NetworkManager-strongswan'
PACKAGE_STRING='NetworkManager-strongswan 1.6.0'
PACKAGE_TARNAME='NetworkManager-strongswan'
PACKAGE_URL=''
PACKAGE_VERSION='1.6.0'
PATH_SEPARATOR=':'
PKG_CONFIG='/usr/bin/pkg-config'
PKG_CONFIG_LIBDIR=''
PKG_CONFIG_PATH=''
POFILES=''
POSUB='po'
PO_IN_DATADIR_FALSE=''
PO_IN_DATADIR_TRUE=''
RANLIB='ranlib'
SED='/usr/bin/sed'
SET_MAKE=''
SHELL='/bin/sh'
STRIP='strip'
USE_NLS='yes'
VERSION='1.6.0'
WITH_GTK4_FALSE=''
WITH_GTK4_TRUE='#'
XGETTEXT='/usr/bin/xgettext'
ac_ct_AR='ar'
ac_ct_CC='gcc'
ac_ct_DUMPBIN=''
am__EXEEXT_FALSE=''
am__EXEEXT_TRUE='#'
am__fastdepCC_FALSE='#'
am__fastdepCC_TRUE=''
am__include='include'
am__isrc=' -I$(srcdir)'
am__leading_dot='.'
am__nodep='_no'
am__quote=''
am__tar='$${TAR-tar} chof - "$$tardir"'
am__untar='$${TAR-tar} xf -'
bindir='${exec_prefix}/bin'
build='x86_64-pc-linux-gnu'
build_alias=''
build_cpu='x86_64'
build_os='linux-gnu'
build_vendor='pc'
charon='${exec_prefix}/libexec/ipsec/charon-nm'
datadir='${datarootdir}'
datarootdir='${prefix}/share'
docdir='${datarootdir}/doc/${PACKAGE_TARNAME}'
dvidir='${docdir}'
exec_prefix='${prefix}'
host='x86_64-pc-linux-gnu'
host_alias=''
host_cpu='x86_64'
host_os='linux-gnu'
host_vendor='pc'
htmldir='${docdir}'
includedir='${prefix}/include'
infodir='${datarootdir}/info'
install_sh='${SHELL} /home/xoadmin/Sources/strongswan-gnome/1.8/bin/network-manager-strongswan-1.6.0/install-sh'
intltool__v_merge_options_0='-q'
intltool__v_merge_options_='$(intltool__v_merge_options_$(AM_DEFAULT_VERBOSITY))'
libdir='${exec_prefix}/lib'
libexecdir='${exec_prefix}/libexec'
localedir='${datarootdir}/locale'
localstatedir='${prefix}/var'
mandir='${datarootdir}/man'
mkdir_p='$(MKDIR_P)'
nm_libexecdir='/usr/lib/NetworkManager'
nm_plugindir='/usr/lib/x86_64-linux-gnu/NetworkManager'
nm_plugindir_abs=''
nmvpnservicedir='/usr/lib/NetworkManager/VPN'
oldincludedir='/usr/include'
pdfdir='${docdir}'
prefix='/usr/local'
program_transform_name='s,x,x,'
psdir='${docdir}'
runstatedir='${localstatedir}/run'
sbindir='${exec_prefix}/sbin'
sharedstatedir='${prefix}/com'
sysconfdir='${prefix}/etc'
target_alias=''

## ----------- ##
## confdefs.h. ##
## ----------- ##

/* confdefs.h */
#define PACKAGE_NAME "NetworkManager-strongswan"
#define PACKAGE_TARNAME "NetworkManager-strongswan"
#define PACKAGE_VERSION "1.6.0"
#define PACKAGE_STRING "NetworkManager-strongswan 1.6.0"
#define PACKAGE_BUGREPORT "info@strongswan.org"
#define PACKAGE_URL ""
#define PACKAGE "NetworkManager-strongswan"
#define VERSION "1.6.0"
#define STDC_HEADERS 1
#define HAVE_SYS_TYPES_H 1
#define HAVE_SYS_STAT_H 1
#define HAVE_STDLIB_H 1
#define HAVE_STRING_H 1
#define HAVE_MEMORY_H 1
#define HAVE_STRINGS_H 1
#define HAVE_INTTYPES_H 1
#define HAVE_STDINT_H 1
#define HAVE_UNISTD_H 1
#define HAVE_DLFCN_H 1
#define LT_OBJDIR ".libs/"
#define STDC_HEADERS 1
#define HAVE_FCNTL_H 1
#define HAVE_PATHS_H 1
#define HAVE_SYS_IOCTL_H 1
#define HAVE_SYS_TIME_H 1
#define HAVE_SYSLOG_H 1
#define HAVE_UNISTD_H 1
#define TIME_WITH_SYS_TIME 1
#define HAVE_SELECT 1
#define HAVE_SOCKET 1
#define HAVE_UNAME 1
#define GETTEXT_PACKAGE "NetworkManager-strongswan"
#define HAVE_LOCALE_H 1
#define HAVE_LC_MESSAGES 1
#define HAVE_BIND_TEXTDOMAIN_CODESET 1
#define HAVE_GETTEXT 1
#define HAVE_DCGETTEXT 1
#define ENABLE_NLS 1

configure: exit 0
